14:42:13: INFO    : Edge 0.1.0
14:42:13: INFO    : Edge Engine Initiate
14:42:13: INFO    : Added ArchiveFactory : FileSystem
14:42:13: INFO    : Loading plugin : plugins\release\TTFont.dll
14:42:13: INFO    : Loading plugin : plugins\release\D3D8Graphics.dll
14:42:13: INFO    : Loading plugin : plugins\release\FIImageCodec.dll
14:42:14: INFO    : Loading plugin : plugins\release\Win32System.dll
14:42:14: INFO    : Loading plugin : plugins\release\OISInputSystem.dll
14:42:14: INFO    : Loading plugin : plugins\release\IrrSoundSystem.dll
14:42:14: INFO    : Loading plugin : plugins\release\LzoArchive.dll
14:42:14: INFO    : Added ArchiveFactory : Lzo
14:42:14: INFO    : Reset Display Mode : 800 x 600 x X8R8G8B8 Windowed
14:42:14: INFO    : Add Archive ... Name : ./media/res.lzo Type : Lzo
14:42:14: INFO    : Load Image : ./edge_logo.JPG : 264 * 106 * 24
14:42:14: INFO    : Image Size : 264 x 106, D3D8 Texture Size : 264 x 106
14:42:14: INFO    : Image Size : 256 x 256, D3D8 Texture Size : 256 x 256
14:42:14: INFO    : Add Archive ... Name : ./media Type : FileSystem
14:42:14: WARNING : Cannot find the AnimSprite : ./media:done.anim
14:42:14: INFO    : Load Image : ./media/done.png : 400 * 400 * 32
14:42:14: INFO    : Image Size : 400 x 400, D3D8 Texture Size : 400 x 400
14:42:14: WARNING : The image : ./media:done.png is already created!
14:42:14: WARNING : The image : ./media:done.png is already created!
14:42:14: WARNING : The image : ./media:done.png is already created!
14:42:14: WARNING : The image : ./media:done.png is already created!
14:42:14: WARNING : The image : ./media:done.png is already created!
14:42:14: WARNING : The image : ./media:done.png is already created!
14:42:14: WARNING : The image : ./media:done.png is already created!
14:42:14: WARNING : The image : ./media:done.png is already created!
14:42:14: WARNING : The image : ./media:done.png is already created!
14:42:14: WARNING : The image : ./media:done.png is already created!
14:42:14: WARNING : The image : ./media:done.png is already created!
14:42:14: WARNING : The image : ./media:done.png is already created!
14:42:14: WARNING : The image : ./media:done.png is already created!
14:42:14: WARNING : The image : ./media:done.png is already created!
14:42:14: WARNING : The image : ./media:done.png is already created!
14:42:14: INFO    : Load Sound...: ./media/res.lzo:getout.ogg
14:42:14: INFO    : Load Sound...: ./media/res.lzo:logo.wav
14:42:32: INFO    : Destroy Archive ... Name : ./media Type : FileSystem
14:42:32: INFO    : Destroy Archive ... Name : ./media/res.lzo Type : Lzo
14:42:32: INFO    : Unload plugin : plugins\release\D3D8Graphics.dll
14:42:32: INFO    : Unload plugin : plugins\release\FIImageCodec.dll
14:42:32: INFO    : Unload plugin : plugins\release\IrrSoundSystem.dll
14:42:32: INFO    : Unload plugin : plugins\release\LzoArchive.dll
14:42:32: INFO    : Unload plugin : plugins\release\OISInputSystem.dll
14:42:32: INFO    : Unload plugin : plugins\release\TTFont.dll
14:42:32: INFO    : Unload plugin : plugins\release\Win32System.dll
14:42:32: INFO    : Edge Engine Shutdown!
